#
# There is insufficient memory for the Java Runtime Environment to continue.
# Native memory allocation (malloc) failed to allocate 480104 bytes for AllocateHeap
# Possible reasons:
#   The system is out of physical RAM or swap space
#   In 32 bit mode, the process size limit was hit
# Possible solutions:
#   Reduce memory load on the system
#   Increase physical memory or swap space
#   Check if swap backing store is full
#   Use 64 bit Java on a 64 bit OS
#   Decrease Java heap size (-Xmx/-Xms)
#   Decrease number of Java threads
#   Decrease Java thread stack sizes (-Xss)
#   Set larger code cache with -XX:ReservedCodeCacheSize=
# This output file may be truncated or incomplete.
#
#  Out of Memory Error (memory/allocation.inline.hpp:61), pid=19716, tid=0x0000000000002cb0
#
# JRE version:  (8.0) (build )
# Java VM: OpenJDK 64-Bit Server VM (25.71-b00 mixed mode windows-amd64 compressed oops)
# Failed to write core dump. Minidumps are not enabled by default on client versions of Windows
#

---------------  T H R E A D  ---------------

Current thread (0x0000000000b9e800):  JavaThread "Unknown thread" [_thread_in_vm, id=11440, stack(0x0000000002360000,0x0000000002460000)]

Stack: [0x0000000002360000,0x0000000002460000]
[error occurred during error reporting (printing stack bounds), id 0xc0000005]

Native frames: (J=compiled Java code, j=interpreted, Vv=VM code, C=native code)


---------------  P R O C E S S  ---------------

Java Threads: ( => current thread )

Other Threads:

=>0x0000000000b9e800 (exited) JavaThread "Unknown thread" [_thread_in_vm, id=11440, stack(0x0000000002360000,0x0000000002460000)]

VM state:not at safepoint (not fully initialized)

VM Mutex/Monitor currently owned by a thread: None

GC Heap History (0 events):
No events

Deoptimization events (0 events):
No events

Classes redefined (0 events):
No events

Internal exceptions (0 events):
No events

Events (0 events):
No events


Dynamic libraries:
0x00007ff6be470000 - 0x00007ff6be4a5000 	C:\Program Files\Unity\Hub\Editor\2018.4.4f1\Editor\Data\PlaybackEngines\AndroidPlayer\Tools\OpenJDK\Windows\bin\java.exe
0x00007ffb922d0000 - 0x00007ffb924b1000 	C:\WINDOWS\SYSTEM32\ntdll.dll
0x00007ffb8fca0000 - 0x00007ffb8fd51000 	C:\WINDOWS\System32\KERNEL32.DLL
0x00007ffb8f210000 - 0x00007ffb8f483000 	C:\WINDOWS\System32\KERNELBASE.dll
0x00007ffb8fe10000 - 0x00007ffb8feb1000 	C:\WINDOWS\System32\ADVAPI32.dll
0x00007ffb91880000 - 0x00007ffb9191e000 	C:\WINDOWS\System32\msvcrt.dll
0x00007ffb91cd0000 - 0x00007ffb91d2b000 	C:\WINDOWS\System32\sechost.dll
0x00007ffb901a0000 - 0x00007ffb902c4000 	C:\WINDOWS\System32\RPCRT4.dll
0x00007ffb8f760000 - 0x00007ffb8f8f0000 	C:\WINDOWS\System32\USER32.dll
0x00007ffb8f1f0000 - 0x00007ffb8f210000 	C:\WINDOWS\System32\win32u.dll
0x00007ffb92270000 - 0x00007ffb92298000 	C:\WINDOWS\System32\GDI32.dll
0x00007ffb8f050000 - 0x00007ffb8f1e1000 	C:\WINDOWS\System32\gdi32full.dll
0x00007ffb8f490000 - 0x00007ffb8f52f000 	C:\WINDOWS\System32\msvcp_win.dll
0x00007ffb8f5b0000 - 0x00007ffb8f6a8000 	C:\WINDOWS\System32\ucrtbase.dll
0x00007ffb7d1e0000 - 0x00007ffb7d449000 	C:\WINDOWS\WinSxS\amd64_microsoft.windows.common-controls_6595b64144ccf1df_6.0.17134.885_none_fb42a3473065565f\COMCTL32.dll
0x00007ffb8f8f0000 - 0x00007ffb8fc12000 	C:\WINDOWS\System32\combase.dll
0x00007ffb8f530000 - 0x00007ffb8f5a9000 	C:\WINDOWS\System32\bcryptPrimitives.dll
0x00007ffb91aa0000 - 0x00007ffb91acd000 	C:\WINDOWS\System32\IMM32.DLL
0x0000000075950000 - 0x0000000075a22000 	C:\Program Files\Unity\Hub\Editor\2018.4.4f1\Editor\Data\PlaybackEngines\AndroidPlayer\Tools\OpenJDK\Windows\jre\bin\msvcr100.dll
0x0000000075100000 - 0x0000000075949000 	C:\Program Files\Unity\Hub\Editor\2018.4.4f1\Editor\Data\PlaybackEngines\AndroidPlayer\Tools\OpenJDK\Windows\jre\bin\server\jvm.dll
0x00007ffb8fec0000 - 0x00007ffb8fec8000 	C:\WINDOWS\System32\PSAPI.DLL
0x00007ffb8c170000 - 0x00007ffb8c193000 	C:\WINDOWS\SYSTEM32\WINMM.dll
0x00007ffb8d820000 - 0x00007ffb8d82a000 	C:\WINDOWS\SYSTEM32\VERSION.dll
0x00007ffb6b420000 - 0x00007ffb6b429000 	C:\WINDOWS\SYSTEM32\WSOCK32.dll
0x00007ffb92200000 - 0x00007ffb9226c000 	C:\WINDOWS\System32\WS2_32.dll
0x00007ffb8be00000 - 0x00007ffb8be2a000 	C:\WINDOWS\SYSTEM32\WINMMBASE.dll
0x00007ffb8e700000 - 0x00007ffb8e749000 	C:\WINDOWS\System32\cfgmgr32.dll
0x00007ffb8c320000 - 0x00007ffb8c32f000 	C:\Program Files\Unity\Hub\Editor\2018.4.4f1\Editor\Data\PlaybackEngines\AndroidPlayer\Tools\OpenJDK\Windows\jre\bin\verify.dll
0x00007ffb8ac50000 - 0x00007ffb8ac79000 	C:\Program Files\Unity\Hub\Editor\2018.4.4f1\Editor\Data\PlaybackEngines\AndroidPlayer\Tools\OpenJDK\Windows\jre\bin\java.dll
0x00007ffb8a050000 - 0x00007ffb8a066000 	C:\Program Files\Unity\Hub\Editor\2018.4.4f1\Editor\Data\PlaybackEngines\AndroidPlayer\Tools\OpenJDK\Windows\jre\bin\zip.dll

VM Arguments:
java_command: <unknown>
java_class_path (initial): .
Launcher Type: SUN_STANDARD

Environment Variables:
JAVA_HOME=C:\Program Files\Unity\Hub\Editor\2018.4.4f1\Editor\Data\PlaybackEngines\AndroidPlayer/Tools\OpenJDK\Windows
PATH=C:\Program Files (x86)\Common Files\Oracle\Java\javapath;C:\Program Files (x86)\Intel\iCLS Client\;C:\Program Files\Intel\iCLS Client\;C:\WINDOWS\system32;C:\WINDOWS;C:\WINDOWS\System32\Wbem;C:\WINDOWS\System32\WindowsPowerShell\v1.0\;C:\Program Files (x86)\Windows Live\Shared;C:\Program Files (x86)\IVI Foundation\VISA\WinNT\Bin\;C:\Program Files\IVI Foundation\VISA\Win64\Bin\;C:\Program Files (x86)\IVI Foundation\VISA\WinNT\Bin;C:\Program Files (x86)\QuickTime\QTSystem\;C:\Program Files (x86)\Intel\Intel(R) Management Engine Components\DAL;C:\Program Files\Intel\Intel(R) Management Engine Components\DAL;C:\Program Files (x86)\Intel\Intel(R) Management Engine Components\IPT;C:\Program Files\Intel\Intel(R) Management Engine Components\IPT;C:\WINDOWS\System32\OpenSSH\;C:\Program Files\MATLAB\R2018b\bin;C:\Program Files\Intel\WiFi\bin\;C:\Program Files\Common Files\Intel\WirelessCommon\;C:\Users\AClea\AppData\Local\Microsoft\WindowsApps;C:\Users\AClea\AppData\Local\Microsoft\WindowsApps
USERNAME=AClea
OS=Windows_NT
PROCESSOR_IDENTIFIER=Intel64 Family 6 Model 78 Stepping 3, GenuineIntel



---------------  S Y S T E M  ---------------

OS: Windows 10.0 , 64 bit Build 17134 (10.0.17134.753)

CPU:total 4 (initial active 4) (2 cores per cpu, 2 threads per core) family 6 model 78 stepping 3, cmov, cx8, fxsr, mmx, sse, sse2, sse3, ssse3, sse4.1, sse4.2, popcnt, avx, avx2, aes, clmul, erms, 3dnowpref, lzcnt, ht, tsc, tscinvbit, bmi1, bmi2, adx

Memory: 4k page, physical 8297604k(1197536k free), swap 8297604k(5188k free)

vm_info: OpenJDK 64-Bit Server VM (25.71-b00) for windows-amd64 JRE (1.8.0-adoptopenjdk-_2018_05_19_00_59-b00), built on May 19 2018 01:02:12 by "jenkins" with MS VC++ 10.0 (VS2010)

time: Sun Jul 21 09:36:30 2019
elapsed time: 0 seconds (0d 0h 0m 0s)

