#
# There is insufficient memory for the Java Runtime Environment to continue.
# Native memory allocation (malloc) failed to allocate 674496 bytes for Chunk::new
# Possible reasons:
#   The system is out of physical RAM or swap space
#   In 32 bit mode, the process size limit was hit
# Possible solutions:
#   Reduce memory load on the system
#   Increase physical memory or swap space
#   Check if swap backing store is full
#   Use 64 bit Java on a 64 bit OS
#   Decrease Java heap size (-Xmx/-Xms)
#   Decrease number of Java threads
#   Decrease Java thread stack sizes (-Xss)
#   Set larger code cache with -XX:ReservedCodeCacheSize=
# This output file may be truncated or incomplete.
#
#  Out of Memory Error (allocation.cpp:390), pid=17308, tid=0x0000000000001864
#
# JRE version: OpenJDK Runtime Environment (8.0) (build 1.8.0-adoptopenjdk-_2018_05_19_00_59-b00)
# Java VM: OpenJDK 64-Bit Server VM (25.71-b00 mixed mode windows-amd64 compressed oops)
# Failed to write core dump. Minidumps are not enabled by default on client versions of Windows
#

---------------  T H R E A D  ---------------

Current thread (0x0000000017e42800):  JavaThread "C2 CompilerThread0" daemon [_thread_in_native, id=6244, stack(0x00000000194a0000,0x00000000195a0000)]

Stack: [0x00000000194a0000,0x00000000195a0000]
[error occurred during error reporting (printing stack bounds), id 0xc0000005]

Native frames: (J=compiled Java code, j=interpreted, Vv=VM code, C=native code)


Current CompileTask:
C2:   4657 2721       4       com.sun.org.apache.xerces.internal.impl.XMLNSDocumentScannerImpl::scanStartElement (1026 bytes)


---------------  P R O C E S S  ---------------

Java Threads: ( => current thread )
  0x000000001ac2d000 JavaThread "Keep-Alive-Timer" daemon [_thread_blocked, id=3088, stack(0x000000001c1b0000,0x000000001c2b0000)]
  0x00000000196c1800 JavaThread "Service Thread" daemon [_thread_blocked, id=1660, stack(0x0000000019ba0000,0x0000000019ca0000)]
  0x00000000196a8800 JavaThread "C1 CompilerThread2" daemon [_thread_blocked, id=16544, stack(0x0000000019aa0000,0x0000000019ba0000)]
  0x0000000017e4b000 JavaThread "C2 CompilerThread1" daemon [_thread_in_native, id=13968, stack(0x00000000195a0000,0x00000000196a0000)]
=>0x0000000017e42800 JavaThread "C2 CompilerThread0" daemon [_thread_in_native, id=6244, stack(0x00000000194a0000,0x00000000195a0000)]
  0x0000000017e41000 JavaThread "Attach Listener" daemon [_thread_blocked, id=4280, stack(0x00000000193a0000,0x00000000194a0000)]
  0x0000000017e40000 JavaThread "Signal Dispatcher" daemon [_thread_blocked, id=6652, stack(0x00000000192a0000,0x00000000193a0000)]
  0x0000000017e2d800 JavaThread "Finalizer" daemon [_thread_blocked, id=15032, stack(0x00000000190b0000,0x00000000191b0000)]
  0x0000000017e07000 JavaThread "Reference Handler" daemon [_thread_blocked, id=14552, stack(0x0000000018fb0000,0x00000000190b0000)]
  0x00000000031e3800 JavaThread "main" [_thread_in_Java, id=13140, stack(0x0000000003060000,0x0000000003160000)]

Other Threads:
  0x0000000017e05000 VMThread [stack: 0x0000000018eb0000,0x0000000018fb0000] [id=9800]
  0x00000000196c2800 WatcherThread [stack: 0x0000000019ca0000,0x0000000019da0000] [id=15036]

VM state:not at safepoint (normal execution)

VM Mutex/Monitor currently owned by a thread: None

Heap:
 PSYoungGen      total 38400K, used 28600K [0x00000000d5d00000, 0x00000000da800000, 0x0000000100000000)
  eden space 33280K, 70% used [0x00000000d5d00000,0x00000000d73f3690,0x00000000d7d80000)
  from space 5120K, 99% used [0x00000000d7d80000,0x00000000d827a9b8,0x00000000d8280000)
  to   space 5120K, 0% used [0x00000000da300000,0x00000000da300000,0x00000000da800000)
 ParOldGen       total 87552K, used 1523K [0x0000000081600000, 0x0000000086b80000, 0x00000000d5d00000)
  object space 87552K, 1% used [0x0000000081600000,0x000000008177cf98,0x0000000086b80000)
 Metaspace       used 17460K, capacity 17864K, committed 18048K, reserved 1064960K
  class space    used 1966K, capacity 2082K, committed 2176K, reserved 1048576K

Card table byte_map: [0x00000000126a0000,0x0000000012aa0000] byte_map_base: 0x0000000012295000

Marking Bits: (ParMarkBitMap*) 0x000000006f43be50
 Begin Bits: [0x0000000013150000, 0x00000000150f8000)
 End Bits:   [0x00000000150f8000, 0x00000000170a0000)

Polling page: 0x0000000001840000

CodeCache: size=245760Kb used=9541Kb max_used=9541Kb free=236218Kb
 bounds [0x00000000032e0000, 0x0000000003c40000, 0x00000000122e0000]
 total_blobs=3164 nmethods=2744 adapters=333
 compilation: enabled

Compilation events (10 events):
Event: 4.611 Thread 0x00000000196a8800 2745       1       com.android.repository.impl.generated.v1.ArchiveType::getMinJvmVersion (5 bytes)
Event: 4.611 Thread 0x00000000196a8800 nmethod 2745 0x0000000003c36a10 code [0x0000000003c36b60, 0x0000000003c36c70]
Event: 4.611 Thread 0x00000000196a8800 2746       1       com.android.repository.impl.generated.v1.ChannelRefType::getRef (5 bytes)
Event: 4.611 Thread 0x00000000196a8800 nmethod 2746 0x0000000003c36cd0 code [0x0000000003c36e20, 0x0000000003c36f30]
Event: 4.613 Thread 0x00000000196a8800 2747       3       java.io.PrintStream::ensureOpen (18 bytes)
Event: 4.613 Thread 0x00000000196a8800 nmethod 2747 0x0000000003c36f90 code [0x0000000003c37100, 0x0000000003c37348]
Event: 4.649 Thread 0x00000000196a8800 2748       3       sun.misc.URLClassPath::access$000 (6 bytes)
Event: 4.649 Thread 0x00000000196a8800 nmethod 2748 0x0000000003c37410 code [0x0000000003c37580, 0x0000000003c376e8]
Event: 4.650 Thread 0x00000000196a8800 2749       3       com.sun.org.apache.xerces.internal.util.NamespaceSupport::<init> (31 bytes)
Event: 4.650 Thread 0x00000000196a8800 nmethod 2749 0x0000000003c377d0 code [0x0000000003c37940, 0x0000000003c37cd0]

GC Heap History (6 events):
Event: 1.702 GC heap before
{Heap before GC invocations=1 (full 0):
 PSYoungGen      total 38400K, used 33280K [0x00000000d5d00000, 0x00000000d8780000, 0x0000000100000000)
  eden space 33280K, 100% used [0x00000000d5d00000,0x00000000d7d80000,0x00000000d7d80000)
  from space 5120K, 0% used [0x00000000d8280000,0x00000000d8280000,0x00000000d8780000)
  to   space 5120K, 0% used [0x00000000d7d80000,0x00000000d7d80000,0x00000000d8280000)
 ParOldGen       total 87552K, used 0K [0x0000000081600000, 0x0000000086b80000, 0x00000000d5d00000)
  object space 87552K, 0% used [0x0000000081600000,0x0000000081600000,0x0000000086b80000)
 Metaspace       used 12386K, capacity 12676K, committed 12928K, reserved 1060864K
  class space    used 1481K, capacity 1576K, committed 1664K, reserved 1048576K
Event: 1.714 GC heap after
Heap after GC invocations=1 (full 0):
 PSYoungGen      total 38400K, used 4214K [0x00000000d5d00000, 0x00000000d8780000, 0x0000000100000000)
  eden space 33280K, 0% used [0x00000000d5d00000,0x00000000d5d00000,0x00000000d7d80000)
  from space 5120K, 82% used [0x00000000d7d80000,0x00000000d819da70,0x00000000d8280000)
  to   space 5120K, 0% used [0x00000000d8280000,0x00000000d8280000,0x00000000d8780000)
 ParOldGen       total 87552K, used 80K [0x0000000081600000, 0x0000000086b80000, 0x00000000d5d00000)
  object space 87552K, 0% used [0x0000000081600000,0x0000000081614010,0x0000000086b80000)
 Metaspace       used 12386K, capacity 12676K, committed 12928K, reserved 1060864K
  class space    used 1481K, capacity 1576K, committed 1664K, reserved 1048576K
}
Event: 2.866 GC heap before
{Heap before GC invocations=2 (full 0):
 PSYoungGen      total 38400K, used 37494K [0x00000000d5d00000, 0x00000000d8780000, 0x0000000100000000)
  eden space 33280K, 100% used [0x00000000d5d00000,0x00000000d7d80000,0x00000000d7d80000)
  from space 5120K, 82% used [0x00000000d7d80000,0x00000000d819da70,0x00000000d8280000)
  to   space 5120K, 0% used [0x00000000d8280000,0x00000000d8280000,0x00000000d8780000)
 ParOldGen       total 87552K, used 80K [0x0000000081600000, 0x0000000086b80000, 0x00000000d5d00000)
  object space 87552K, 0% used [0x0000000081600000,0x0000000081614010,0x0000000086b80000)
 Metaspace       used 16806K, capacity 17116K, committed 17536K, reserved 1064960K
  class space    used 1949K, capacity 2064K, committed 2176K, reserved 1048576K
Event: 2.894 GC heap after
Heap after GC invocations=2 (full 0):
 PSYoungGen      total 38400K, used 5099K [0x00000000d5d00000, 0x00000000da800000, 0x0000000100000000)
  eden space 33280K, 0% used [0x00000000d5d00000,0x00000000d5d00000,0x00000000d7d80000)
  from space 5120K, 99% used [0x00000000d8280000,0x00000000d877add0,0x00000000d8780000)
  to   space 5120K, 0% used [0x00000000d7d80000,0x00000000d7d80000,0x00000000d8280000)
 ParOldGen       total 87552K, used 1022K [0x0000000081600000, 0x0000000086b80000, 0x00000000d5d00000)
  object space 87552K, 1% used [0x0000000081600000,0x00000000816ff880,0x0000000086b80000)
 Metaspace       used 16806K, capacity 17116K, committed 17536K, reserved 1064960K
  class space    used 1949K, capacity 2064K, committed 2176K, reserved 1048576K
}
Event: 4.045 GC heap before
{Heap before GC invocations=3 (full 0):
 PSYoungGen      total 38400K, used 38379K [0x00000000d5d00000, 0x00000000da800000, 0x0000000100000000)
  eden space 33280K, 100% used [0x00000000d5d00000,0x00000000d7d80000,0x00000000d7d80000)
  from space 5120K, 99% used [0x00000000d8280000,0x00000000d877add0,0x00000000d8780000)
  to   space 5120K, 0% used [0x00000000d7d80000,0x00000000d7d80000,0x00000000d8280000)
 ParOldGen       total 87552K, used 1022K [0x0000000081600000, 0x0000000086b80000, 0x00000000d5d00000)
  object space 87552K, 1% used [0x0000000081600000,0x00000000816ff880,0x0000000086b80000)
 Metaspace       used 17294K, capacity 17706K, committed 18048K, reserved 1064960K
  class space    used 1963K, capacity 2077K, committed 2176K, reserved 1048576K
Event: 4.055 GC heap after
Heap after GC invocations=3 (full 0):
 PSYoungGen      total 38400K, used 5098K [0x00000000d5d00000, 0x00000000da800000, 0x0000000100000000)
  eden space 33280K, 0% used [0x00000000d5d00000,0x00000000d5d00000,0x00000000d7d80000)
  from space 5120K, 99% used [0x00000000d7d80000,0x00000000d827a9b8,0x00000000d8280000)
  to   space 5120K, 0% used [0x00000000da300000,0x00000000da300000,0x00000000da800000)
 ParOldGen       total 87552K, used 1523K [0x0000000081600000, 0x0000000086b80000, 0x00000000d5d00000)
  object space 87552K, 1% used [0x0000000081600000,0x000000008177cf98,0x0000000086b80000)
 Metaspace       used 17294K, capacity 17706K, committed 18048K, reserved 1064960K
  class space    used 1963K, capacity 2077K, committed 2176K, reserved 1048576K
}

Deoptimization events (10 events):
Event: 3.327 Thread 0x00000000031e3800 Uncommon trap: reason=unstable_if action=reinterpret pc=0x00000000036908a8 method=com.sun.org.apache.xerces.internal.impl.io.UTF8Reader.read([CII)I @ 131
Event: 3.328 Thread 0x00000000031e3800 Uncommon trap: reason=unstable_if action=reinterpret pc=0x0000000003629c4c method=java.util.regex.Pattern$Ctype.isSatisfiedBy(I)Z @ 4
Event: 3.345 Thread 0x00000000031e3800 Uncommon trap: reason=unstable_if action=reinterpret pc=0x0000000003731c5c method=java.util.regex.Matcher.find()Z @ 34
Event: 3.419 Thread 0x00000000031e3800 Uncommon trap: reason=unstable_if action=reinterpret pc=0x00000000036aa114 method=com.sun.org.apache.xerces.internal.impl.XMLEntityScanner.scanContent(Lcom/sun/org/apache/xerces/internal/xni/XMLString;)I @ 44
Event: 3.492 Thread 0x00000000031e3800 Uncommon trap: reason=class_check action=maybe_recompile pc=0x000000000366c3f0 method=java.util.regex.Matcher.search(I)Z @ 86
Event: 3.599 Thread 0x00000000031e3800 Uncommon trap: reason=unstable_if action=reinterpret pc=0x000000000371ee48 method=java.util.regex.Matcher.find()Z @ 34
Event: 3.608 Thread 0x00000000031e3800 Uncommon trap: reason=class_check action=maybe_recompile pc=0x000000000366c3f0 method=java.util.regex.Matcher.search(I)Z @ 86
Event: 4.102 Thread 0x00000000031e3800 Uncommon trap: reason=unstable_if action=reinterpret pc=0x0000000003ab9840 method=com.sun.org.apache.xerces.internal.impl.XMLDocumentFragmentScannerImpl$FragmentContentDriver.next()I @ 823
Event: 4.278 Thread 0x00000000031e3800 Uncommon trap: reason=unstable_if action=reinterpret pc=0x0000000003acb160 method=com.sun.org.apache.xerces.internal.impl.XMLEntityScanner.scanContent(Lcom/sun/org/apache/xerces/internal/xni/XMLString;)I @ 418
Event: 4.553 Thread 0x00000000031e3800 Uncommon trap: reason=unstable_if action=reinterpret pc=0x0000000003adb5b0 method=com.sun.org.apache.xerces.internal.impl.XMLEntityScanner.scanQName(Lcom/sun/org/apache/xerces/internal/xni/QName;Lcom/sun/org/apache/xerces/internal/impl/XMLScanner$NameType

Classes redefined (0 events):
No events

Internal exceptions (10 events):
Event: 1.770 Thread 0x00000000031e3800 Exception <a 'sun/nio/fs/WindowsException'> (0x00000000d5e722b0) thrown at [C:\Users\jenkins\workspace\openjdk8_build_x86-64_windows\openjdk\hotspot\src\share\vm\prims\jni.cpp, line 709]
Event: 1.770 Thread 0x00000000031e3800 Exception <a 'sun/nio/fs/WindowsException'> (0x00000000d5e72880) thrown at [C:\Users\jenkins\workspace\openjdk8_build_x86-64_windows\openjdk\hotspot\src\share\vm\prims\jni.cpp, line 709]
Event: 1.771 Thread 0x00000000031e3800 Exception <a 'sun/nio/fs/WindowsException'> (0x00000000d5e75508) thrown at [C:\Users\jenkins\workspace\openjdk8_build_x86-64_windows\openjdk\hotspot\src\share\vm\prims\jni.cpp, line 709]
Event: 1.771 Thread 0x00000000031e3800 Exception <a 'sun/nio/fs/WindowsException'> (0x00000000d5e75a88) thrown at [C:\Users\jenkins\workspace\openjdk8_build_x86-64_windows\openjdk\hotspot\src\share\vm\prims\jni.cpp, line 709]
Event: 1.771 Thread 0x00000000031e3800 Exception <a 'sun/nio/fs/WindowsException'> (0x00000000d5e764d8) thrown at [C:\Users\jenkins\workspace\openjdk8_build_x86-64_windows\openjdk\hotspot\src\share\vm\prims\jni.cpp, line 709]
Event: 1.771 Thread 0x00000000031e3800 Exception <a 'sun/nio/fs/WindowsException'> (0x00000000d5e76a90) thrown at [C:\Users\jenkins\workspace\openjdk8_build_x86-64_windows\openjdk\hotspot\src\share\vm\prims\jni.cpp, line 709]
Event: 2.734 Thread 0x00000000031e3800 Implicit null exception at 0x0000000003916a58 to 0x0000000003916b9d
Event: 2.821 Thread 0x00000000031e3800 Exception <a 'java/lang/ClassNotFoundException': com/sun/org/glassfish/hk2/osgiresourcelocator/ServiceLoader> (0x00000000d7ce8280) thrown at [C:\Users\jenkins\workspace\openjdk8_build_x86-64_windows\openjdk\hotspot\src\share\vm\classfile\systemDictionary.
Event: 3.160 Thread 0x00000000031e3800 Exception <a 'java/lang/ClassNotFoundException': com/sun/org/glassfish/hk2/osgiresourcelocator/ServiceLoader> (0x00000000d610c628) thrown at [C:\Users\jenkins\workspace\openjdk8_build_x86-64_windows\openjdk\hotspot\src\share\vm\classfile\systemDictionary.
Event: 4.330 Thread 0x00000000031e3800 Exception <a 'java/lang/ClassNotFoundException': com/sun/org/glassfish/hk2/osgiresourcelocator/ServiceLoader> (0x00000000d6a04e58) thrown at [C:\Users\jenkins\workspace\openjdk8_build_x86-64_windows\openjdk\hotspot\src\share\vm\classfile\systemDictionary.

Events (10 events):
Event: 4.507 Thread 0x00000000031e3800 DEOPT UNPACKING pc=0x00000000033275d0 sp=0x000000000315e3a0 mode 0
Event: 4.511 Thread 0x00000000031e3800 DEOPT PACKING pc=0x0000000003bb1f80 sp=0x000000000315e660
Event: 4.511 Thread 0x00000000031e3800 DEOPT UNPACKING pc=0x00000000033275d0 sp=0x000000000315e3a0 mode 0
Event: 4.511 Thread 0x00000000031e3800 DEOPT PACKING pc=0x0000000003bb1f80 sp=0x000000000315e660
Event: 4.511 Thread 0x00000000031e3800 DEOPT UNPACKING pc=0x00000000033275d0 sp=0x000000000315e3a0 mode 0
Event: 4.553 Thread 0x00000000031e3800 Uncommon trap: trap_request=0xffffff65 fr.pc=0x0000000003adb5b0
Event: 4.553 Thread 0x00000000031e3800 DEOPT PACKING pc=0x0000000003adb5b0 sp=0x000000000315e5c0
Event: 4.553 Thread 0x00000000031e3800 DEOPT UNPACKING pc=0x000000000332557b sp=0x000000000315e5c0 mode 2
Event: 4.604 loading class com/android/repository/util/InstallerUtil
Event: 4.604 loading class com/android/repository/util/InstallerUtil done


Dynamic libraries:
0x00007ff7819a0000 - 0x00007ff7819d5000 	C:\Program Files\Unity\Hub\Editor\2018.4.4f1\Editor\Data\PlaybackEngines\AndroidPlayer\Tools\OpenJDK\Windows\bin\java.exe
0x00007fff46c70000 - 0x00007fff46e51000 	C:\WINDOWS\SYSTEM32\ntdll.dll
0x00007fff44100000 - 0x00007fff441b1000 	C:\WINDOWS\System32\KERNEL32.DLL
0x00007fff43e80000 - 0x00007fff440f3000 	C:\WINDOWS\System32\KERNELBASE.dll
0x00007fff46a40000 - 0x00007fff46ae1000 	C:\WINDOWS\System32\ADVAPI32.dll
0x00007fff46b00000 - 0x00007fff46b9e000 	C:\WINDOWS\System32\msvcrt.dll
0x00007fff45ac0000 - 0x00007fff45b1b000 	C:\WINDOWS\System32\sechost.dll
0x00007fff45e90000 - 0x00007fff45fb4000 	C:\WINDOWS\System32\RPCRT4.dll
0x00007fff443c0000 - 0x00007fff44550000 	C:\WINDOWS\System32\USER32.dll
0x00007fff43c70000 - 0x00007fff43c90000 	C:\WINDOWS\System32\win32u.dll
0x00007fff45a20000 - 0x00007fff45a48000 	C:\WINDOWS\System32\GDI32.dll
0x00007fff43ad0000 - 0x00007fff43c61000 	C:\WINDOWS\System32\gdi32full.dll
0x00007fff431f0000 - 0x00007fff4328f000 	C:\WINDOWS\System32\msvcp_win.dll
0x00007fff43040000 - 0x00007fff43138000 	C:\WINDOWS\System32\ucrtbase.dll
0x00007fff31bb0000 - 0x00007fff31e19000 	C:\WINDOWS\WinSxS\amd64_microsoft.windows.common-controls_6595b64144ccf1df_6.0.17134.885_none_fb42a3473065565f\COMCTL32.dll
0x00007fff45fc0000 - 0x00007fff462e2000 	C:\WINDOWS\System32\combase.dll
0x00007fff43a50000 - 0x00007fff43ac9000 	C:\WINDOWS\System32\bcryptPrimitives.dll
0x00007fff445b0000 - 0x00007fff445dd000 	C:\WINDOWS\System32\IMM32.DLL
0x000000006f4c0000 - 0x000000006f592000 	C:\Program Files\Unity\Hub\Editor\2018.4.4f1\Editor\Data\PlaybackEngines\AndroidPlayer\Tools\OpenJDK\Windows\jre\bin\msvcr100.dll
0x000000006ec70000 - 0x000000006f4b9000 	C:\Program Files\Unity\Hub\Editor\2018.4.4f1\Editor\Data\PlaybackEngines\AndroidPlayer\Tools\OpenJDK\Windows\jre\bin\server\jvm.dll
0x00007fff46af0000 - 0x00007fff46af8000 	C:\WINDOWS\System32\PSAPI.DLL
0x00007fff40c70000 - 0x00007fff40c93000 	C:\WINDOWS\SYSTEM32\WINMM.dll
0x00007fff40b00000 - 0x00007fff40b2a000 	C:\WINDOWS\SYSTEM32\WINMMBASE.dll
0x00007fff43140000 - 0x00007fff43189000 	C:\WINDOWS\System32\cfgmgr32.dll
0x00007fff421d0000 - 0x00007fff421da000 	C:\WINDOWS\SYSTEM32\VERSION.dll
0x00007fff27c20000 - 0x00007fff27c29000 	C:\WINDOWS\SYSTEM32\WSOCK32.dll
0x00007fff45a50000 - 0x00007fff45abc000 	C:\WINDOWS\System32\WS2_32.dll
0x00007fff3cf10000 - 0x00007fff3cf1f000 	C:\Program Files\Unity\Hub\Editor\2018.4.4f1\Editor\Data\PlaybackEngines\AndroidPlayer\Tools\OpenJDK\Windows\jre\bin\verify.dll
0x00007fff31490000 - 0x00007fff314b9000 	C:\Program Files\Unity\Hub\Editor\2018.4.4f1\Editor\Data\PlaybackEngines\AndroidPlayer\Tools\OpenJDK\Windows\jre\bin\java.dll
0x00007fff32190000 - 0x00007fff321a6000 	C:\Program Files\Unity\Hub\Editor\2018.4.4f1\Editor\Data\PlaybackEngines\AndroidPlayer\Tools\OpenJDK\Windows\jre\bin\zip.dll
0x00007fff445e0000 - 0x00007fff45a20000 	C:\WINDOWS\System32\SHELL32.dll
0x00007fff46830000 - 0x00007fff468d9000 	C:\WINDOWS\System32\shcore.dll
0x00007fff43290000 - 0x00007fff4399d000 	C:\WINDOWS\System32\windows.storage.dll
0x00007fff441c0000 - 0x00007fff44211000 	C:\WINDOWS\System32\shlwapi.dll
0x00007fff42fe0000 - 0x00007fff42ff1000 	C:\WINDOWS\System32\kernel.appcore.dll
0x00007fff43020000 - 0x00007fff4303f000 	C:\WINDOWS\System32\profapi.dll
0x00007fff42f80000 - 0x00007fff42fcc000 	C:\WINDOWS\System32\powrprof.dll
0x00007fff42fd0000 - 0x00007fff42fda000 	C:\WINDOWS\System32\FLTLIB.DLL
0x00007fff31470000 - 0x00007fff3148a000 	C:\Program Files\Unity\Hub\Editor\2018.4.4f1\Editor\Data\PlaybackEngines\AndroidPlayer\Tools\OpenJDK\Windows\jre\bin\net.dll
0x00007fff42800000 - 0x00007fff42866000 	C:\WINDOWS\system32\mswsock.dll
0x00007fff2f870000 - 0x00007fff2f881000 	C:\Program Files\Unity\Hub\Editor\2018.4.4f1\Editor\Data\PlaybackEngines\AndroidPlayer\Tools\OpenJDK\Windows\jre\bin\nio.dll
0x00007fff2f0d0000 - 0x00007fff2f0f4000 	C:\Program Files\Unity\Hub\Editor\2018.4.4f1\Editor\Data\PlaybackEngines\AndroidPlayer\Tools\OpenJDK\Windows\jre\bin\sunec.dll
0x00007fff429b0000 - 0x00007fff429c7000 	C:\WINDOWS\SYSTEM32\CRYPTSP.dll
0x00007fff42390000 - 0x00007fff423c3000 	C:\WINDOWS\system32\rsaenh.dll
0x00007fff42ae0000 - 0x00007fff42b05000 	C:\WINDOWS\SYSTEM32\bcrypt.dll
0x00007fff42e80000 - 0x00007fff42ea8000 	C:\WINDOWS\SYSTEM32\USERENV.dll
0x00007fff429d0000 - 0x00007fff429db000 	C:\WINDOWS\SYSTEM32\CRYPTBASE.dll
0x00007fff42590000 - 0x00007fff425c8000 	C:\WINDOWS\SYSTEM32\IPHLPAPI.DLL
0x00007fff45d90000 - 0x00007fff45d98000 	C:\WINDOWS\System32\NSI.dll
0x00007fff372b0000 - 0x00007fff372c6000 	C:\WINDOWS\SYSTEM32\dhcpcsvc6.DLL
0x00007fff39130000 - 0x00007fff3914a000 	C:\WINDOWS\SYSTEM32\dhcpcsvc.DLL
0x00007fff361c0000 - 0x00007fff361cb000 	C:\Program Files\Unity\Hub\Editor\2018.4.4f1\Editor\Data\PlaybackEngines\AndroidPlayer\Tools\OpenJDK\Windows\jre\bin\sunmscapi.dll
0x00007fff43c90000 - 0x00007fff43e72000 	C:\WINDOWS\System32\CRYPT32.dll
0x00007fff43000000 - 0x00007fff43012000 	C:\WINDOWS\System32\MSASN1.dll
0x00007fff425d0000 - 0x00007fff4268e000 	C:\WINDOWS\SYSTEM32\DNSAPI.dll
0x00007fff33470000 - 0x00007fff3347a000 	C:\Windows\System32\rasadhlp.dll
0x00007fff333a0000 - 0x00007fff33412000 	C:\WINDOWS\System32\fwpuclnt.dll

VM Arguments:
jvm_args: -Dcom.android.sdklib.toolsdir=C:\Users\AClea\AppData\Local\Android\Sdk\tools\bin\\.. 
java_command: com.android.sdklib.tool.sdkmanager.SdkManagerCli --list
java_class_path (initial): C:\Users\AClea\AppData\Local\Android\Sdk\tools\bin\..\lib\dvlib-26.0.0-dev.jar;C:\Users\AClea\AppData\Local\Android\Sdk\tools\bin\..\lib\jimfs-1.1.jar;C:\Users\AClea\AppData\Local\Android\Sdk\tools\bin\..\lib\jsr305-1.3.9.jar;C:\Users\AClea\AppData\Local\Android\Sdk\tools\bin\..\lib\repository-26.0.0-dev.jar;C:\Users\AClea\AppData\Local\Android\Sdk\tools\bin\..\lib\j2objc-annotations-1.1.jar;C:\Users\AClea\AppData\Local\Android\Sdk\tools\bin\..\lib\layoutlib-api-26.0.0-dev.jar;C:\Users\AClea\AppData\Local\Android\Sdk\tools\bin\..\lib\gson-2.3.jar;C:\Users\AClea\AppData\Local\Android\Sdk\tools\bin\..\lib\httpcore-4.2.5.jar;C:\Users\AClea\AppData\Local\Android\Sdk\tools\bin\..\lib\commons-logging-1.1.1.jar;C:\Users\AClea\AppData\Local\Android\Sdk\tools\bin\..\lib\commons-compress-1.12.jar;C:\Users\AClea\AppData\Local\Android\Sdk\tools\bin\..\lib\annotations-26.0.0-dev.jar;C:\Users\AClea\AppData\Local\Android\Sdk\tools\bin\..\lib\error_prone_annotations-2.0.18.jar;C:\Users\AClea\AppData\Local\Android\Sdk\tools\bin\..\lib\animal-sniffer-annotations-1.14.jar;C:\Users\AClea\AppData\Local\Android\Sdk\tools\bin\..\lib\httpclient-4.2.6.jar;C:\Users\AClea\AppData\Local\Android\Sdk\tools\bin\..\lib\commons-codec-1.6.jar;C:\Users\AClea\AppData\Local\Android\Sdk\tools\bin\..\lib\common-26.0.0-dev.jar;C:\Users\AClea\AppData\Local\Android\Sdk\tools\bin\..\lib\kxml2-2.3.0.jar;C:\Users\AClea\AppData\Local\Android\Sdk\tools\bin\..\lib\httpmime-4.1.jar;C:\Users\AClea\AppData\Local\Android\Sdk\tools\bin\..\lib\annotations-12.0.jar;C:\Users\AClea\AppData\Local\Android\Sdk\tools\bin\..\lib\sdklib-26.0.0-dev.jar;C:\Users\AClea\AppData\Local\Android\Sdk\tools\bin\..\lib\guava-22.0.jar
Launcher Type: SUN_STANDARD

Environment Variables:
JAVA_HOME=C:\Program Files\Unity\Hub\Editor\2018.4.4f1\Editor\Data\PlaybackEngines\AndroidPlayer/Tools\OpenJDK\Windows
CLASSPATH=C:\Users\AClea\AppData\Local\Android\Sdk\tools\bin\..\lib\dvlib-26.0.0-dev.jar;C:\Users\AClea\AppData\Local\Android\Sdk\tools\bin\..\lib\jimfs-1.1.jar;C:\Users\AClea\AppData\Local\Android\Sdk\tools\bin\..\lib\jsr305-1.3.9.jar;C:\Users\AClea\AppData\Local\Android\Sdk\tools\bin\..\lib\repository-26.0.0-dev.jar;C:\Users\AClea\AppData\Local\Android\Sdk\tools\bin\..\lib\j2objc-annotations-1.1.jar;C:\Users\AClea\AppData\Local\Android\Sdk\tools\bin\..\lib\layoutlib-api-26.0.0-dev.jar;C:\Users\AClea\AppData\Local\Android\Sdk\tools\bin\..\lib\gson-2.3.jar;C:\Users\AClea\AppData\Local\Android\Sdk\tools\bin\..\lib\httpcore-4.2.5.jar;C:\Users\AClea\AppData\Local\Android\Sdk\tools\bin\..\lib\commons-logging-1.1.1.jar;C:\Users\AClea\AppData\Local\Android\Sdk\tools\bin\..\lib\commons-compress-1.12.jar;C:\Users\AClea\AppData\Local\Android\Sdk\tools\bin\..\lib\annotations-26.0.0-dev.jar;C:\Users\AClea\AppData\Local\Android\Sdk\tools\bin\..\lib\error_prone_annotations-2.0.18.jar;C:\Users\AClea\AppData\Local\Android\Sdk\tools\bin\..\lib\animal-sniffer-annotations-1.14.jar;C:\Users\AClea\AppData\Local\Android\Sdk\tools\bin\..\lib\httpclient-4.2.6.jar;C:\Users\AClea\AppData\Local\Android\Sdk\tools\bin\..\lib\commons-codec-1.6.jar;C:\Users\AClea\AppData\Local\Android\Sdk\tools\bin\..\lib\common-26.0.0-dev.jar;C:\Users\AClea\AppData\Local\Android\Sdk\tools\bin\..\lib\kxml2-2.3.0.jar;C:\Users\AClea\AppData\Local\Android\Sdk\tools\bin\..\lib\httpmime-4.1.jar;C:\Users\AClea\AppData\Local\Android\Sdk\tools\bin\..\lib\annotations-12.0.jar;C:\Users\AClea\AppData\Local\Android\Sdk\tools\bin\..\lib\sdklib-26.0.0-dev.jar;C:\Users\AClea\AppData\Local\Android\Sdk\tools\bin\..\lib\guava-22.0.jar
PATH=C:\Program Files (x86)\Common Files\Oracle\Java\javapath;C:\Program Files (x86)\Intel\iCLS Client\;C:\Program Files\Intel\iCLS Client\;C:\WINDOWS\system32;C:\WINDOWS;C:\WINDOWS\System32\Wbem;C:\WINDOWS\System32\WindowsPowerShell\v1.0\;C:\Program Files (x86)\Windows Live\Shared;C:\Program Files (x86)\IVI Foundation\VISA\WinNT\Bin\;C:\Program Files\IVI Foundation\VISA\Win64\Bin\;C:\Program Files (x86)\IVI Foundation\VISA\WinNT\Bin;C:\Program Files (x86)\QuickTime\QTSystem\;C:\Program Files (x86)\Intel\Intel(R) Management Engine Components\DAL;C:\Program Files\Intel\Intel(R) Management Engine Components\DAL;C:\Program Files (x86)\Intel\Intel(R) Management Engine Components\IPT;C:\Program Files\Intel\Intel(R) Management Engine Components\IPT;C:\WINDOWS\System32\OpenSSH\;C:\Program Files\MATLAB\R2018b\bin;C:\Program Files\Intel\WiFi\bin\;C:\Program Files\Common Files\Intel\WirelessCommon\;C:\Users\AClea\AppData\Local\Microsoft\WindowsApps;C:\Users\AClea\AppData\Local\Microsoft\WindowsApps
USERNAME=AClea
OS=Windows_NT
PROCESSOR_IDENTIFIER=Intel64 Family 6 Model 78 Stepping 3, GenuineIntel



---------------  S Y S T E M  ---------------

OS: Windows 10.0 , 64 bit Build 17134 (10.0.17134.753)

CPU:total 4 (initial active 4) (2 cores per cpu, 2 threads per core) family 6 model 78 stepping 3, cmov, cx8, fxsr, mmx, sse, sse2, sse3, ssse3, sse4.1, sse4.2, popcnt, avx, avx2, aes, clmul, erms, 3dnowpref, lzcnt, ht, tsc, tscinvbit, bmi1, bmi2, adx

Memory: 4k page, physical 8297604k(1357148k free), swap 8297604k(6644k free)

vm_info: OpenJDK 64-Bit Server VM (25.71-b00) for windows-amd64 JRE (1.8.0-adoptopenjdk-_2018_05_19_00_59-b00), built on May 19 2018 01:02:12 by "jenkins" with MS VC++ 10.0 (VS2010)

time: Sun Jul 28 15:43:31 2019
elapsed time: 4 seconds (0d 0h 0m 4s)

