#
# There is insufficient memory for the Java Runtime Environment to continue.
# Native memory allocation (malloc) failed to allocate 1048576 bytes for AllocateHeap
# Possible reasons:
#   The system is out of physical RAM or swap space
#   In 32 bit mode, the process size limit was hit
# Possible solutions:
#   Reduce memory load on the system
#   Increase physical memory or swap space
#   Check if swap backing store is full
#   Use 64 bit Java on a 64 bit OS
#   Decrease Java heap size (-Xmx/-Xms)
#   Decrease number of Java threads
#   Decrease Java thread stack sizes (-Xss)
#   Set larger code cache with -XX:ReservedCodeCacheSize=
# This output file may be truncated or incomplete.
#
#  Out of Memory Error (memory/allocation.inline.hpp:61), pid=15648, tid=0x0000000000003d5c
#
# JRE version:  (8.0) (build )
# Java VM: OpenJDK 64-Bit Server VM (25.71-b00 mixed mode windows-amd64 compressed oops)
# Failed to write core dump. Minidumps are not enabled by default on client versions of Windows
#

---------------  T H R E A D  ---------------

Current thread (0x000000000330e000):  JavaThread "Unknown thread" [_thread_in_vm, id=15708, stack(0x0000000003310000,0x0000000003410000)]

Stack: [0x0000000003310000,0x0000000003410000]
[error occurred during error reporting (printing stack bounds), id 0xc0000005]

Native frames: (J=compiled Java code, j=interpreted, Vv=VM code, C=native code)


---------------  P R O C E S S  ---------------

Java Threads: ( => current thread )

Other Threads:

=>0x000000000330e000 (exited) JavaThread "Unknown thread" [_thread_in_vm, id=15708, stack(0x0000000003310000,0x0000000003410000)]

VM state:not at safepoint (normal execution)

VM Mutex/Monitor currently owned by a thread: None

Heap:
 PSYoungGen      total 38400K, used 665K [0x000000076ab00000, 0x000000076d580000, 0x00000007c0000000)
  eden space 33280K, 2% used [0x000000076ab00000,0x000000076aba6670,0x000000076cb80000)
  from space 5120K, 0% used [0x000000076d080000,0x000000076d080000,0x000000076d580000)
  to   space 5120K, 0% used [0x000000076cb80000,0x000000076cb80000,0x000000076d080000)
 ParOldGen       total 87552K, used 0K [0x00000006c0000000, 0x00000006c5580000, 0x000000076ab00000)
  object space 87552K, 0% used [0x00000006c0000000,0x00000006c0000000,0x00000006c5580000)
 Metaspace       used 784K, capacity 1156K, committed 1408K, reserved 1060864K
  class space    used 74K, capacity 384K, committed 384K, reserved 1048576K

Card table byte_map: [0x00000000128d0000,0x00000000130e0000] byte_map_base: 0x000000000f2d0000

Marking Bits: (ParMarkBitMap*) 0x000000005ce1be50
 Begin Bits: [0x0000000013a40000, 0x0000000017a40000)
 End Bits:   [0x0000000017a40000, 0x000000001ba40000)

Polling page: 0x0000000000ff0000

CodeCache: size=245760Kb used=328Kb max_used=328Kb free=245431Kb
 bounds [0x0000000003510000, 0x0000000003780000, 0x0000000012510000]
 total_blobs=57 nmethods=0 adapters=38
 compilation: enabled

Compilation events (0 events):
No events

GC Heap History (0 events):
No events

Deoptimization events (0 events):
No events

Classes redefined (0 events):
No events

Internal exceptions (0 events):
No events

Events (10 events):
Event: 0.058 loading class java/lang/Short
Event: 0.058 loading class java/lang/Short done
Event: 0.058 loading class java/lang/Integer
Event: 0.060 loading class java/lang/Integer done
Event: 0.060 loading class java/lang/Long
Event: 0.060 loading class java/lang/Long done
Event: 0.062 loading class java/lang/NullPointerException
Event: 0.062 loading class java/lang/NullPointerException done
Event: 0.062 loading class java/lang/ArithmeticException
Event: 0.063 loading class java/lang/ArithmeticException done


Dynamic libraries:
0x00007ff644a00000 - 0x00007ff644a35000 	C:\Program Files\Unity\Hub\Editor\2018.4.4f1\Editor\Data\PlaybackEngines\AndroidPlayer\Tools\OpenJDK\Windows\bin\java.exe
0x00007ff8b21b0000 - 0x00007ff8b2391000 	C:\WINDOWS\SYSTEM32\ntdll.dll
0x00007ff8b1ce0000 - 0x00007ff8b1d91000 	C:\WINDOWS\System32\KERNEL32.DLL
0x00007ff8af150000 - 0x00007ff8af3c3000 	C:\WINDOWS\System32\KERNELBASE.dll
0x00007ff8b1b80000 - 0x00007ff8b1c21000 	C:\WINDOWS\System32\ADVAPI32.dll
0x00007ff8b0d10000 - 0x00007ff8b0dae000 	C:\WINDOWS\System32\msvcrt.dll
0x00007ff8b0db0000 - 0x00007ff8b0e0b000 	C:\WINDOWS\System32\sechost.dll
0x00007ff8af640000 - 0x00007ff8af764000 	C:\WINDOWS\System32\RPCRT4.dll
0x00007ff8b1860000 - 0x00007ff8b19f0000 	C:\WINDOWS\System32\USER32.dll
0x00007ff8aefd0000 - 0x00007ff8aeff0000 	C:\WINDOWS\System32\win32u.dll
0x00007ff8b0e10000 - 0x00007ff8b0e38000 	C:\WINDOWS\System32\GDI32.dll
0x00007ff8af3d0000 - 0x00007ff8af561000 	C:\WINDOWS\System32\gdi32full.dll
0x00007ff8ae770000 - 0x00007ff8ae80f000 	C:\WINDOWS\System32\msvcp_win.dll
0x00007ff8aeff0000 - 0x00007ff8af0e8000 	C:\WINDOWS\System32\ucrtbase.dll
0x00007ff899d90000 - 0x00007ff899ff9000 	C:\WINDOWS\WinSxS\amd64_microsoft.windows.common-controls_6595b64144ccf1df_6.0.17134.885_none_fb42a3473065565f\COMCTL32.dll
0x00007ff8b1e50000 - 0x00007ff8b2172000 	C:\WINDOWS\System32\combase.dll
0x00007ff8af5c0000 - 0x00007ff8af639000 	C:\WINDOWS\System32\bcryptPrimitives.dll
0x00007ff8b19f0000 - 0x00007ff8b1a1d000 	C:\WINDOWS\System32\IMM32.DLL
0x000000005cea0000 - 0x000000005cf72000 	C:\Program Files\Unity\Hub\Editor\2018.4.4f1\Editor\Data\PlaybackEngines\AndroidPlayer\Tools\OpenJDK\Windows\jre\bin\msvcr100.dll
0x000000005c650000 - 0x000000005ce99000 	C:\Program Files\Unity\Hub\Editor\2018.4.4f1\Editor\Data\PlaybackEngines\AndroidPlayer\Tools\OpenJDK\Windows\jre\bin\server\jvm.dll
0x00007ff8b1da0000 - 0x00007ff8b1da8000 	C:\WINDOWS\System32\PSAPI.DLL
0x00007ff8ac650000 - 0x00007ff8ac673000 	C:\WINDOWS\SYSTEM32\WINMM.dll
0x00007ff895970000 - 0x00007ff895979000 	C:\WINDOWS\SYSTEM32\WSOCK32.dll
0x00007ff8ac620000 - 0x00007ff8ac64a000 	C:\WINDOWS\SYSTEM32\WINMMBASE.dll
0x00007ff8af570000 - 0x00007ff8af5b9000 	C:\WINDOWS\System32\cfgmgr32.dll
0x00007ff8af860000 - 0x00007ff8af8cc000 	C:\WINDOWS\System32\WS2_32.dll
0x00007ff8ad710000 - 0x00007ff8ad71a000 	C:\WINDOWS\SYSTEM32\VERSION.dll
0x00007ff8ac7c0000 - 0x00007ff8ac7cf000 	C:\Program Files\Unity\Hub\Editor\2018.4.4f1\Editor\Data\PlaybackEngines\AndroidPlayer\Tools\OpenJDK\Windows\jre\bin\verify.dll
0x00007ff8a9e40000 - 0x00007ff8a9e69000 	C:\Program Files\Unity\Hub\Editor\2018.4.4f1\Editor\Data\PlaybackEngines\AndroidPlayer\Tools\OpenJDK\Windows\jre\bin\java.dll
0x00007ff8a8ab0000 - 0x00007ff8a8ac6000 	C:\Program Files\Unity\Hub\Editor\2018.4.4f1\Editor\Data\PlaybackEngines\AndroidPlayer\Tools\OpenJDK\Windows\jre\bin\zip.dll

VM Arguments:
jvm_args: -Xmx4096M -Dcom.android.sdkmanager.toolsdir=C:\Users\AClea\AppData\Local\Android\sdk\tools -Dfile.encoding=UTF8 
java_command: C:\Program Files\Unity\Hub\Editor\2018.4.4f1\Editor\Data\PlaybackEngines\AndroidPlayer/Tools\sdktools.jar -
java_class_path (initial): C:\Program Files\Unity\Hub\Editor\2018.4.4f1\Editor\Data\PlaybackEngines\AndroidPlayer/Tools\sdktools.jar
Launcher Type: SUN_STANDARD

Environment Variables:
JAVA_HOME=C:\Program Files\Unity\Hub\Editor\2018.4.4f1\Editor\Data\PlaybackEngines\AndroidPlayer/Tools\OpenJDK\Windows
PATH=C:\Program Files (x86)\Common Files\Oracle\Java\javapath;C:\Program Files (x86)\Intel\iCLS Client\;C:\Program Files\Intel\iCLS Client\;C:\WINDOWS\system32;C:\WINDOWS;C:\WINDOWS\System32\Wbem;C:\WINDOWS\System32\WindowsPowerShell\v1.0\;C:\Program Files (x86)\Windows Live\Shared;C:\Program Files (x86)\IVI Foundation\VISA\WinNT\Bin\;C:\Program Files\IVI Foundation\VISA\Win64\Bin\;C:\Program Files (x86)\IVI Foundation\VISA\WinNT\Bin;C:\Program Files (x86)\QuickTime\QTSystem\;C:\Program Files (x86)\Intel\Intel(R) Management Engine Components\DAL;C:\Program Files\Intel\Intel(R) Management Engine Components\DAL;C:\Program Files (x86)\Intel\Intel(R) Management Engine Components\IPT;C:\Program Files\Intel\Intel(R) Management Engine Components\IPT;C:\WINDOWS\System32\OpenSSH\;C:\Program Files\MATLAB\R2018b\bin;C:\Program Files\Intel\WiFi\bin\;C:\Program Files\Common Files\Intel\WirelessCommon\;C:\Users\AClea\AppData\Local\Microsoft\WindowsApps;C:\Users\AClea\AppData\Local\Microsoft\WindowsApps
USERNAME=AClea
OS=Windows_NT
PROCESSOR_IDENTIFIER=Intel64 Family 6 Model 78 Stepping 3, GenuineIntel



---------------  S Y S T E M  ---------------

OS: Windows 10.0 , 64 bit Build 17134 (10.0.17134.753)

CPU:total 4 (initial active 4) (2 cores per cpu, 2 threads per core) family 6 model 78 stepping 3, cmov, cx8, fxsr, mmx, sse, sse2, sse3, ssse3, sse4.1, sse4.2, popcnt, avx, avx2, aes, clmul, erms, 3dnowpref, lzcnt, ht, tsc, tscinvbit, bmi1, bmi2, adx

Memory: 4k page, physical 8297604k(1319876k free), swap 8297604k(5760k free)

vm_info: OpenJDK 64-Bit Server VM (25.71-b00) for windows-amd64 JRE (1.8.0-adoptopenjdk-_2018_05_19_00_59-b00), built on May 19 2018 01:02:12 by "jenkins" with MS VC++ 10.0 (VS2010)

time: Sun Jul 14 13:37:53 2019
elapsed time: 0 seconds (0d 0h 0m 0s)

