#
# There is insufficient memory for the Java Runtime Environment to continue.
# Native memory allocation (malloc) failed to allocate 1048576 bytes for AllocateHeap
# Possible reasons:
#   The system is out of physical RAM or swap space
#   In 32 bit mode, the process size limit was hit
# Possible solutions:
#   Reduce memory load on the system
#   Increase physical memory or swap space
#   Check if swap backing store is full
#   Use 64 bit Java on a 64 bit OS
#   Decrease Java heap size (-Xmx/-Xms)
#   Decrease number of Java threads
#   Decrease Java thread stack sizes (-Xss)
#   Set larger code cache with -XX:ReservedCodeCacheSize=
# This output file may be truncated or incomplete.
#
#  Out of Memory Error (memory/allocation.inline.hpp:61), pid=17052, tid=0x0000000000004084
#
# JRE version:  (8.0) (build )
# Java VM: OpenJDK 64-Bit Server VM (25.71-b00 mixed mode windows-amd64 compressed oops)
# Failed to write core dump. Minidumps are not enabled by default on client versions of Windows
#

---------------  T H R E A D  ---------------

Current thread (0x0000000002a2e000):  JavaThread "Unknown thread" [_thread_in_vm, id=16516, stack(0x0000000002840000,0x0000000002940000)]

Stack: [0x0000000002840000,0x0000000002940000]
[error occurred during error reporting (printing stack bounds), id 0xc0000005]

Native frames: (J=compiled Java code, j=interpreted, Vv=VM code, C=native code)


---------------  P R O C E S S  ---------------

Java Threads: ( => current thread )

Other Threads:

=>0x0000000002a2e000 (exited) JavaThread "Unknown thread" [_thread_in_vm, id=16516, stack(0x0000000002840000,0x0000000002940000)]

VM state:not at safepoint (normal execution)

VM Mutex/Monitor currently owned by a thread: None

Heap:
 PSYoungGen      total 38400K, used 665K [0x000000076ab00000, 0x000000076d580000, 0x00000007c0000000)
  eden space 33280K, 2% used [0x000000076ab00000,0x000000076aba6670,0x000000076cb80000)
  from space 5120K, 0% used [0x000000076d080000,0x000000076d080000,0x000000076d580000)
  to   space 5120K, 0% used [0x000000076cb80000,0x000000076cb80000,0x000000076d080000)
 ParOldGen       total 87552K, used 0K [0x00000006c0000000, 0x00000006c5580000, 0x000000076ab00000)
  object space 87552K, 0% used [0x00000006c0000000,0x00000006c0000000,0x00000006c5580000)
 Metaspace       used 777K, capacity 4480K, committed 4480K, reserved 1056768K
  class space    used 74K, capacity 384K, committed 384K, reserved 1048576K

Card table byte_map: [0x0000000011ef0000,0x0000000012700000] byte_map_base: 0x000000000e8f0000

Marking Bits: (ParMarkBitMap*) 0x000000005e40be50
 Begin Bits: [0x0000000013060000, 0x0000000017060000)
 End Bits:   [0x0000000017060000, 0x000000001b060000)

Polling page: 0x0000000002780000

CodeCache: size=245760Kb used=328Kb max_used=328Kb free=245431Kb
 bounds [0x0000000002b30000, 0x0000000002da0000, 0x0000000011b30000]
 total_blobs=57 nmethods=0 adapters=38
 compilation: enabled

Compilation events (0 events):
No events

GC Heap History (0 events):
No events

Deoptimization events (0 events):
No events

Classes redefined (0 events):
No events

Internal exceptions (0 events):
No events

Events (10 events):
Event: 0.026 loading class java/lang/Short
Event: 0.026 loading class java/lang/Short done
Event: 0.026 loading class java/lang/Integer
Event: 0.026 loading class java/lang/Integer done
Event: 0.026 loading class java/lang/Long
Event: 0.026 loading class java/lang/Long done
Event: 0.027 loading class java/lang/NullPointerException
Event: 0.027 loading class java/lang/NullPointerException done
Event: 0.027 loading class java/lang/ArithmeticException
Event: 0.027 loading class java/lang/ArithmeticException done


Dynamic libraries:
0x00007ff787fe0000 - 0x00007ff788015000 	C:\Program Files\Unity\Hub\Editor\2018.4.4f1\Editor\Data\PlaybackEngines\AndroidPlayer\Tools\OpenJDK\Windows\bin\java.exe
0x00007ffdf11e0000 - 0x00007ffdf13d0000 	C:\WINDOWS\SYSTEM32\ntdll.dll
0x00007ffdefff0000 - 0x00007ffdf00a2000 	C:\WINDOWS\System32\KERNEL32.DLL
0x00007ffdeec90000 - 0x00007ffdeef33000 	C:\WINDOWS\System32\KERNELBASE.dll
0x00007ffdef600000 - 0x00007ffdef6a3000 	C:\WINDOWS\System32\ADVAPI32.dll
0x00007ffdf0890000 - 0x00007ffdf092e000 	C:\WINDOWS\System32\msvcrt.dll
0x00007ffdef470000 - 0x00007ffdef507000 	C:\WINDOWS\System32\sechost.dll
0x00007ffdef300000 - 0x00007ffdef420000 	C:\WINDOWS\System32\RPCRT4.dll
0x00007ffdefa50000 - 0x00007ffdefbe3000 	C:\WINDOWS\System32\USER32.dll
0x00007ffdef1e0000 - 0x00007ffdef201000 	C:\WINDOWS\System32\win32u.dll
0x00007ffdef420000 - 0x00007ffdef446000 	C:\WINDOWS\System32\GDI32.dll
0x00007ffdee2c0000 - 0x00007ffdee454000 	C:\WINDOWS\System32\gdi32full.dll
0x00007ffdef090000 - 0x00007ffdef12e000 	C:\WINDOWS\System32\msvcp_win.dll
0x00007ffdee170000 - 0x00007ffdee26a000 	C:\WINDOWS\System32\ucrtbase.dll
0x00007ffdda900000 - 0x00007ffddab85000 	C:\WINDOWS\WinSxS\amd64_microsoft.windows.common-controls_6595b64144ccf1df_6.0.18362.295_none_e6c3acbd13101292\COMCTL32.dll
0x00007ffdef710000 - 0x00007ffdefa46000 	C:\WINDOWS\System32\combase.dll
0x00007ffdef210000 - 0x00007ffdef290000 	C:\WINDOWS\System32\bcryptPrimitives.dll
0x00007ffdefbf0000 - 0x00007ffdefc1e000 	C:\WINDOWS\System32\IMM32.DLL
0x000000005e490000 - 0x000000005e562000 	C:\Program Files\Unity\Hub\Editor\2018.4.4f1\Editor\Data\PlaybackEngines\AndroidPlayer\Tools\OpenJDK\Windows\jre\bin\msvcr100.dll
0x000000005dc40000 - 0x000000005e489000 	C:\Program Files\Unity\Hub\Editor\2018.4.4f1\Editor\Data\PlaybackEngines\AndroidPlayer\Tools\OpenJDK\Windows\jre\bin\server\jvm.dll
0x00007ffdef5f0000 - 0x00007ffdef5f8000 	C:\WINDOWS\System32\PSAPI.DLL
0x00007ffdd2590000 - 0x00007ffdd2599000 	C:\WINDOWS\SYSTEM32\WSOCK32.dll
0x00007ffded260000 - 0x00007ffded26a000 	C:\WINDOWS\SYSTEM32\VERSION.dll
0x00007ffdf1130000 - 0x00007ffdf119f000 	C:\WINDOWS\System32\WS2_32.dll
0x00007ffdebd60000 - 0x00007ffdebd84000 	C:\WINDOWS\SYSTEM32\WINMM.dll
0x00007ffdebc50000 - 0x00007ffdebc7d000 	C:\WINDOWS\SYSTEM32\winmmbase.dll
0x00007ffdee460000 - 0x00007ffdee4aa000 	C:\WINDOWS\System32\cfgmgr32.dll
0x00007ffdecc20000 - 0x00007ffdecc2f000 	C:\Program Files\Unity\Hub\Editor\2018.4.4f1\Editor\Data\PlaybackEngines\AndroidPlayer\Tools\OpenJDK\Windows\jre\bin\verify.dll
0x00007ffdea8f0000 - 0x00007ffdea919000 	C:\Program Files\Unity\Hub\Editor\2018.4.4f1\Editor\Data\PlaybackEngines\AndroidPlayer\Tools\OpenJDK\Windows\jre\bin\java.dll
0x00007ffdea7b0000 - 0x00007ffdea7c6000 	C:\Program Files\Unity\Hub\Editor\2018.4.4f1\Editor\Data\PlaybackEngines\AndroidPlayer\Tools\OpenJDK\Windows\jre\bin\zip.dll

VM Arguments:
jvm_args: -Xmx4096M -Dcom.android.sdkmanager.toolsdir=C:\Users\AClea\AppData\Local\Android\sdk\tools -Dfile.encoding=UTF8 
java_command: C:\Program Files\Unity\Hub\Editor\2018.4.4f1\Editor\Data\PlaybackEngines\AndroidPlayer/Tools\sdktools.jar -
java_class_path (initial): C:\Program Files\Unity\Hub\Editor\2018.4.4f1\Editor\Data\PlaybackEngines\AndroidPlayer/Tools\sdktools.jar
Launcher Type: SUN_STANDARD

Environment Variables:
JAVA_HOME=C:\Program Files\Unity\Hub\Editor\2018.4.4f1\Editor\Data\PlaybackEngines\AndroidPlayer/Tools\OpenJDK\Windows
PATH=C:\Program Files (x86)\Common Files\Oracle\Java\javapath;C:\Program Files (x86)\Intel\iCLS Client\;C:\Program Files\Intel\iCLS Client\;C:\WINDOWS\system32;C:\WINDOWS;C:\WINDOWS\System32\Wbem;C:\WINDOWS\System32\WindowsPowerShell\v1.0\;C:\Program Files (x86)\Windows Live\Shared;C:\Program Files (x86)\IVI Foundation\VISA\WinNT\Bin\;C:\Program Files\IVI Foundation\VISA\Win64\Bin\;C:\Program Files (x86)\IVI Foundation\VISA\WinNT\Bin;C:\Program Files (x86)\QuickTime\QTSystem\;C:\Program Files (x86)\Intel\Intel(R) Management Engine Components\DAL;C:\Program Files\Intel\Intel(R) Management Engine Components\DAL;C:\Program Files (x86)\Intel\Intel(R) Management Engine Components\IPT;C:\Program Files\Intel\Intel(R) Management Engine Components\IPT;C:\WINDOWS\System32\OpenSSH\;C:\Program Files\MATLAB\R2018b\bin;C:\Program Files\Intel\WiFi\bin\;C:\Program Files\Common Files\Intel\WirelessCommon\;C:\Users\AClea\AppData\Local\Microsoft\WindowsApps;%USERPROFILE%\AppData\Local\Microsoft\WindowsApps;
USERNAME=AClea
OS=Windows_NT
PROCESSOR_IDENTIFIER=Intel64 Family 6 Model 78 Stepping 3, GenuineIntel



---------------  S Y S T E M  ---------------

OS: Windows 10.0 , 64 bit Build 18362 (10.0.18362.86)

CPU:total 4 (initial active 4) (2 cores per cpu, 2 threads per core) family 6 model 78 stepping 3, cmov, cx8, fxsr, mmx, sse, sse2, sse3, ssse3, sse4.1, sse4.2, popcnt, avx, avx2, aes, clmul, erms, 3dnowpref, lzcnt, ht, tsc, tscinvbit, bmi1, bmi2, adx

Memory: 4k page, physical 8297604k(652816k free), swap 8297604k(5192k free)

vm_info: OpenJDK 64-Bit Server VM (25.71-b00) for windows-amd64 JRE (1.8.0-adoptopenjdk-_2018_05_19_00_59-b00), built on May 19 2018 01:02:12 by "jenkins" with MS VC++ 10.0 (VS2010)

time: Mon Aug 19 18:23:04 2019
elapsed time: 0 seconds (0d 0h 0m 0s)

