#
# There is insufficient memory for the Java Runtime Environment to continue.
# Native memory allocation (malloc) failed to allocate 1048576 bytes for AllocateHeap
# Possible reasons:
#   The system is out of physical RAM or swap space
#   In 32 bit mode, the process size limit was hit
# Possible solutions:
#   Reduce memory load on the system
#   Increase physical memory or swap space
#   Check if swap backing store is full
#   Use 64 bit Java on a 64 bit OS
#   Decrease Java heap size (-Xmx/-Xms)
#   Decrease number of Java threads
#   Decrease Java thread stack sizes (-Xss)
#   Set larger code cache with -XX:ReservedCodeCacheSize=
# This output file may be truncated or incomplete.
#
#  Out of Memory Error (memory/allocation.inline.hpp:61), pid=5008, tid=0x0000000000003a38
#
# JRE version:  (8.0) (build )
# Java VM: OpenJDK 64-Bit Server VM (25.71-b00 mixed mode windows-amd64 compressed oops)
# Failed to write core dump. Minidumps are not enabled by default on client versions of Windows
#

---------------  T H R E A D  ---------------

Current thread (0x0000000002bbe000):  JavaThread "Unknown thread" [_thread_in_vm, id=14904, stack(0x0000000002a30000,0x0000000002b30000)]

Stack: [0x0000000002a30000,0x0000000002b30000]
[error occurred during error reporting (printing stack bounds), id 0xc0000005]

Native frames: (J=compiled Java code, j=interpreted, Vv=VM code, C=native code)


---------------  P R O C E S S  ---------------

Java Threads: ( => current thread )

Other Threads:

=>0x0000000002bbe000 (exited) JavaThread "Unknown thread" [_thread_in_vm, id=14904, stack(0x0000000002a30000,0x0000000002b30000)]

VM state:not at safepoint (normal execution)

VM Mutex/Monitor currently owned by a thread: None

Heap:
 PSYoungGen      total 38400K, used 665K [0x000000076ab00000, 0x000000076d580000, 0x00000007c0000000)
  eden space 33280K, 2% used [0x000000076ab00000,0x000000076aba6670,0x000000076cb80000)
  from space 5120K, 0% used [0x000000076d080000,0x000000076d080000,0x000000076d580000)
  to   space 5120K, 0% used [0x000000076cb80000,0x000000076cb80000,0x000000076d080000)
 ParOldGen       total 87552K, used 0K [0x00000006c0000000, 0x00000006c5580000, 0x000000076ab00000)
  object space 87552K, 0% used [0x00000006c0000000,0x00000006c0000000,0x00000006c5580000)
 Metaspace       used 777K, capacity 4480K, committed 4480K, reserved 1056768K
  class space    used 74K, capacity 384K, committed 384K, reserved 1048576K

Card table byte_map: [0x0000000012080000,0x0000000012890000] byte_map_base: 0x000000000ea80000

Marking Bits: (ParMarkBitMap*) 0x0000000050e1be50
 Begin Bits: [0x00000000131f0000, 0x00000000171f0000)
 End Bits:   [0x00000000171f0000, 0x000000001b1f0000)

Polling page: 0x0000000001260000

CodeCache: size=245760Kb used=328Kb max_used=328Kb free=245431Kb
 bounds [0x0000000002cc0000, 0x0000000002f30000, 0x0000000011cc0000]
 total_blobs=57 nmethods=0 adapters=38
 compilation: enabled

Compilation events (0 events):
No events

GC Heap History (0 events):
No events

Deoptimization events (0 events):
No events

Classes redefined (0 events):
No events

Internal exceptions (0 events):
No events

Events (10 events):
Event: 0.025 loading class java/lang/Short
Event: 0.025 loading class java/lang/Short done
Event: 0.025 loading class java/lang/Integer
Event: 0.025 loading class java/lang/Integer done
Event: 0.025 loading class java/lang/Long
Event: 0.025 loading class java/lang/Long done
Event: 0.026 loading class java/lang/NullPointerException
Event: 0.026 loading class java/lang/NullPointerException done
Event: 0.026 loading class java/lang/ArithmeticException
Event: 0.026 loading class java/lang/ArithmeticException done


Dynamic libraries:
0x00007ff7b59e0000 - 0x00007ff7b5a15000 	C:\Program Files\Unity\Hub\Editor\2018.4.4f1\Editor\Data\PlaybackEngines\AndroidPlayer\Tools\OpenJDK\Windows\bin\java.exe
0x00007ffb89ec0000 - 0x00007ffb8a0b0000 	C:\WINDOWS\SYSTEM32\ntdll.dll
0x00007ffb88380000 - 0x00007ffb88432000 	C:\WINDOWS\System32\KERNEL32.DLL
0x00007ffb87ca0000 - 0x00007ffb87f43000 	C:\WINDOWS\System32\KERNELBASE.dll
0x00007ffb88930000 - 0x00007ffb889d3000 	C:\WINDOWS\System32\ADVAPI32.dll
0x00007ffb88130000 - 0x00007ffb881ce000 	C:\WINDOWS\System32\msvcrt.dll
0x00007ffb89d80000 - 0x00007ffb89e17000 	C:\WINDOWS\System32\sechost.dll
0x00007ffb893a0000 - 0x00007ffb894c0000 	C:\WINDOWS\System32\RPCRT4.dll
0x00007ffb88a60000 - 0x00007ffb88bf3000 	C:\WINDOWS\System32\USER32.dll
0x00007ffb87a00000 - 0x00007ffb87a21000 	C:\WINDOWS\System32\win32u.dll
0x00007ffb894c0000 - 0x00007ffb894e6000 	C:\WINDOWS\System32\GDI32.dll
0x00007ffb87b00000 - 0x00007ffb87c94000 	C:\WINDOWS\System32\gdi32full.dll
0x00007ffb87960000 - 0x00007ffb879fe000 	C:\WINDOWS\System32\msvcp_win.dll
0x00007ffb86f10000 - 0x00007ffb8700a000 	C:\WINDOWS\System32\ucrtbase.dll
0x00007ffb6ee00000 - 0x00007ffb6f085000 	C:\WINDOWS\WinSxS\amd64_microsoft.windows.common-controls_6595b64144ccf1df_6.0.18362.239_none_e6c7aebd130c7608\COMCTL32.dll
0x00007ffb88440000 - 0x00007ffb88776000 	C:\WINDOWS\System32\combase.dll
0x00007ffb87010000 - 0x00007ffb87090000 	C:\WINDOWS\System32\bcryptPrimitives.dll
0x00007ffb87f80000 - 0x00007ffb87fae000 	C:\WINDOWS\System32\IMM32.DLL
0x0000000050ea0000 - 0x0000000050f72000 	C:\Program Files\Unity\Hub\Editor\2018.4.4f1\Editor\Data\PlaybackEngines\AndroidPlayer\Tools\OpenJDK\Windows\jre\bin\msvcr100.dll
0x0000000050650000 - 0x0000000050e99000 	C:\Program Files\Unity\Hub\Editor\2018.4.4f1\Editor\Data\PlaybackEngines\AndroidPlayer\Tools\OpenJDK\Windows\jre\bin\server\jvm.dll
0x00007ffb889f0000 - 0x00007ffb889f8000 	C:\WINDOWS\System32\PSAPI.DLL
0x00007ffb85f90000 - 0x00007ffb85f9a000 	C:\WINDOWS\SYSTEM32\VERSION.dll
0x00007ffb6cfd0000 - 0x00007ffb6cfd9000 	C:\WINDOWS\SYSTEM32\WSOCK32.dll
0x00007ffb89330000 - 0x00007ffb8939f000 	C:\WINDOWS\System32\WS2_32.dll
0x00007ffb84990000 - 0x00007ffb849b4000 	C:\WINDOWS\SYSTEM32\WINMM.dll
0x00007ffb848d0000 - 0x00007ffb848fd000 	C:\WINDOWS\SYSTEM32\winmmbase.dll
0x00007ffb87a90000 - 0x00007ffb87ada000 	C:\WINDOWS\System32\cfgmgr32.dll
0x00007ffb832c0000 - 0x00007ffb832cf000 	C:\Program Files\Unity\Hub\Editor\2018.4.4f1\Editor\Data\PlaybackEngines\AndroidPlayer\Tools\OpenJDK\Windows\jre\bin\verify.dll
0x00007ffb831d0000 - 0x00007ffb831f9000 	C:\Program Files\Unity\Hub\Editor\2018.4.4f1\Editor\Data\PlaybackEngines\AndroidPlayer\Tools\OpenJDK\Windows\jre\bin\java.dll
0x00007ffb80960000 - 0x00007ffb80976000 	C:\Program Files\Unity\Hub\Editor\2018.4.4f1\Editor\Data\PlaybackEngines\AndroidPlayer\Tools\OpenJDK\Windows\jre\bin\zip.dll

VM Arguments:
jvm_args: -Xmx4096M -Dcom.android.sdkmanager.toolsdir=C:\Users\AClea\AppData\Local\Android\sdk\tools -Dfile.encoding=UTF8 
java_command: C:\Program Files\Unity\Hub\Editor\2018.4.4f1\Editor\Data\PlaybackEngines\AndroidPlayer/Tools\sdktools.jar -
java_class_path (initial): C:\Program Files\Unity\Hub\Editor\2018.4.4f1\Editor\Data\PlaybackEngines\AndroidPlayer/Tools\sdktools.jar
Launcher Type: SUN_STANDARD

Environment Variables:
JAVA_HOME=C:\Program Files\Unity\Hub\Editor\2018.4.4f1\Editor\Data\PlaybackEngines\AndroidPlayer/Tools\OpenJDK\Windows
PATH=C:\Program Files (x86)\Common Files\Oracle\Java\javapath;C:\Program Files (x86)\Intel\iCLS Client\;C:\Program Files\Intel\iCLS Client\;C:\WINDOWS\system32;C:\WINDOWS;C:\WINDOWS\System32\Wbem;C:\WINDOWS\System32\WindowsPowerShell\v1.0\;C:\Program Files (x86)\Windows Live\Shared;C:\Program Files (x86)\IVI Foundation\VISA\WinNT\Bin\;C:\Program Files\IVI Foundation\VISA\Win64\Bin\;C:\Program Files (x86)\IVI Foundation\VISA\WinNT\Bin;C:\Program Files (x86)\QuickTime\QTSystem\;C:\Program Files (x86)\Intel\Intel(R) Management Engine Components\DAL;C:\Program Files\Intel\Intel(R) Management Engine Components\DAL;C:\Program Files (x86)\Intel\Intel(R) Management Engine Components\IPT;C:\Program Files\Intel\Intel(R) Management Engine Components\IPT;C:\WINDOWS\System32\OpenSSH\;C:\Program Files\MATLAB\R2018b\bin;C:\Program Files\Intel\WiFi\bin\;C:\Program Files\Common Files\Intel\WirelessCommon\;C:\Users\AClea\AppData\Local\Microsoft\WindowsApps;%USERPROFILE%\AppData\Local\Microsoft\WindowsApps;
USERNAME=AClea
OS=Windows_NT
PROCESSOR_IDENTIFIER=Intel64 Family 6 Model 78 Stepping 3, GenuineIntel



---------------  S Y S T E M  ---------------

OS: Windows 10.0 , 64 bit Build 18362 (10.0.18362.86)

CPU:total 4 (initial active 4) (2 cores per cpu, 2 threads per core) family 6 model 78 stepping 3, cmov, cx8, fxsr, mmx, sse, sse2, sse3, ssse3, sse4.1, sse4.2, popcnt, avx, avx2, aes, clmul, erms, 3dnowpref, lzcnt, ht, tsc, tscinvbit, bmi1, bmi2, adx

Memory: 4k page, physical 8297604k(1217336k free), swap 8297604k(5776k free)

vm_info: OpenJDK 64-Bit Server VM (25.71-b00) for windows-amd64 JRE (1.8.0-adoptopenjdk-_2018_05_19_00_59-b00), built on May 19 2018 01:02:12 by "jenkins" with MS VC++ 10.0 (VS2010)

time: Tue Aug 13 18:50:15 2019
elapsed time: 0 seconds (0d 0h 0m 0s)

