#
# There is insufficient memory for the Java Runtime Environment to continue.
# Native memory allocation (malloc) failed to allocate 32744 bytes for ChunkPool::allocate
# Possible reasons:
#   The system is out of physical RAM or swap space
#   In 32 bit mode, the process size limit was hit
# Possible solutions:
#   Reduce memory load on the system
#   Increase physical memory or swap space
#   Check if swap backing store is full
#   Use 64 bit Java on a 64 bit OS
#   Decrease Java heap size (-Xmx/-Xms)
#   Decrease number of Java threads
#   Decrease Java thread stack sizes (-Xss)
#   Set larger code cache with -XX:ReservedCodeCacheSize=
# This output file may be truncated or incomplete.
#
#  Out of Memory Error (allocation.cpp:273), pid=1712, tid=0x0000000000003c34
#
# JRE version: OpenJDK Runtime Environment (8.0) (build 1.8.0-adoptopenjdk-_2018_05_19_00_59-b00)
# Java VM: OpenJDK 64-Bit Server VM (25.71-b00 mixed mode windows-amd64 compressed oops)
# Failed to write core dump. Minidumps are not enabled by default on client versions of Windows
#

---------------  T H R E A D  ---------------

Current thread (0x000000001c911800):  JavaThread "C2 CompilerThread1" daemon [_thread_in_native, id=15412, stack(0x000000001e060000,0x000000001e160000)]

Stack: [0x000000001e060000,0x000000001e160000]
[error occurred during error reporting (printing stack bounds), id 0xc0000005]

Native frames: (J=compiled Java code, j=interpreted, Vv=VM code, C=native code)


Current CompileTask:
C2:    110   38       4       java.lang.String::indexOf (70 bytes)


---------------  P R O C E S S  ---------------

Java Threads: ( => current thread )
  0x000000001e280800 JavaThread "Service Thread" daemon [_thread_blocked, id=11372, stack(0x000000001e660000,0x000000001e760000)]
  0x000000001c915000 JavaThread "C1 CompilerThread2" daemon [_thread_in_native, id=12772, stack(0x000000001e160000,0x000000001e260000)]
=>0x000000001c911800 JavaThread "C2 CompilerThread1" daemon [_thread_in_native, id=15412, stack(0x000000001e060000,0x000000001e160000)]
  0x000000001c90a800 JavaThread "C2 CompilerThread0" daemon [_thread_in_native, id=6216, stack(0x000000001df60000,0x000000001e060000)]
  0x000000001c90a000 JavaThread "Attach Listener" daemon [_thread_blocked, id=11088, stack(0x000000001de60000,0x000000001df60000)]
  0x000000001c919800 JavaThread "Signal Dispatcher" daemon [_thread_blocked, id=7340, stack(0x000000001dd60000,0x000000001de60000)]
  0x000000000323d000 JavaThread "Finalizer" daemon [_thread_blocked, id=14112, stack(0x000000001db60000,0x000000001dc60000)]
  0x0000000003234000 JavaThread "Reference Handler" daemon [_thread_blocked, id=16688, stack(0x000000001da60000,0x000000001db60000)]
  0x0000000002fce000 JavaThread "main" [_thread_in_Java, id=17024, stack(0x0000000002fd0000,0x00000000030d0000)]

Other Threads:
  0x000000001c8d3800 VMThread [stack: 0x000000001d960000,0x000000001da60000] [id=8856]
  0x000000001e283800 WatcherThread [stack: 0x000000001e760000,0x000000001e860000] [id=4472]

VM state:not at safepoint (normal execution)

VM Mutex/Monitor currently owned by a thread: None

Heap:
 PSYoungGen      total 38400K, used 1996K [0x000000076ab00000, 0x000000076d580000, 0x00000007c0000000)
  eden space 33280K, 6% used [0x000000076ab00000,0x000000076acf3348,0x000000076cb80000)
  from space 5120K, 0% used [0x000000076d080000,0x000000076d080000,0x000000076d580000)
  to   space 5120K, 0% used [0x000000076cb80000,0x000000076cb80000,0x000000076d080000)
 ParOldGen       total 87552K, used 0K [0x00000006c0000000, 0x00000006c5580000, 0x000000076ab00000)
  object space 87552K, 0% used [0x00000006c0000000,0x00000006c0000000,0x00000006c5580000)
 Metaspace       used 2824K, capacity 4552K, committed 4864K, reserved 1060864K
  class space    used 297K, capacity 388K, committed 512K, reserved 1048576K

Card table byte_map: [0x0000000012600000,0x0000000012e10000] byte_map_base: 0x000000000f000000

Marking Bits: (ParMarkBitMap*) 0x00000000575dbe50
 Begin Bits: [0x0000000013770000, 0x0000000017770000)
 End Bits:   [0x0000000017770000, 0x000000001b770000)

Polling page: 0x0000000002f60000

CodeCache: size=245760Kb used=1128Kb max_used=1140Kb free=244631Kb
 bounds [0x0000000003240000, 0x00000000034b0000, 0x0000000012240000]
 total_blobs=280 nmethods=42 adapters=153
 compilation: enabled

Compilation events (10 events):
Event: 0.106 Thread 0x000000001c915000 nmethod 35 0x0000000003358ad0 code [0x0000000003358c40, 0x0000000003358f50]
Event: 0.106 Thread 0x000000001c915000   37       3       java.net.URI::access$300 (7 bytes)
Event: 0.106 Thread 0x000000001c915000 nmethod 37 0x0000000003358fd0 code [0x0000000003359140, 0x00000000033592a8]
Event: 0.106 Thread 0x000000001c911800   38       4       java.lang.String::indexOf (70 bytes)
Event: 0.107 Thread 0x000000001c915000   39       3       java.lang.Character::toLowerCase (6 bytes)
Event: 0.107 Thread 0x000000001c915000 nmethod 39 0x0000000003359350 code [0x00000000033594c0, 0x0000000003359758]
Event: 0.108 Thread 0x000000001c915000   40       1       java.lang.CharacterDataLatin1::getProperties (11 bytes)
Event: 0.108 Thread 0x000000001c915000 nmethod 40 0x0000000003359890 code [0x00000000033599e0, 0x0000000003359b30]
Event: 0.108 Thread 0x000000001c915000   41       1       java.io.File::getPath (5 bytes)
Event: 0.108 Thread 0x000000001c915000 nmethod 41 0x0000000003359c10 code [0x0000000003359d60, 0x0000000003359e70]

GC Heap History (0 events):
No events

Deoptimization events (0 events):
No events

Classes redefined (0 events):
No events

Internal exceptions (2 events):
Event: 0.033 Thread 0x0000000002fce000 Exception <a 'java/lang/NoSuchMethodError': Method sun.misc.Unsafe.defineClass(Ljava/lang/String;[BII)Ljava/lang/Class; name or signature does not match> (0x000000076ab07cb0) thrown at [C:\Users\jenkins\workspace\openjdk8_build_x86-64_windows\openjdk\hots
Event: 0.033 Thread 0x0000000002fce000 Exception <a 'java/lang/NoSuchMethodError': Method sun.misc.Unsafe.prefetchRead(Ljava/lang/Object;J)V name or signature does not match> (0x000000076ab07f98) thrown at [C:\Users\jenkins\workspace\openjdk8_build_x86-64_windows\openjdk\hotspot\src\share\vm\p

Events (10 events):
Event: 0.097 loading class java/util/regex/Pattern$TreeInfo
Event: 0.097 loading class java/util/regex/Pattern$TreeInfo done
Event: 0.097 loading class SDKMain$1
Event: 0.097 loading class SDKMain$1 done
Event: 0.097 loading class SDKMain$JarFilesFilter
Event: 0.097 loading class SDKMain$JarFilesFilter done
Event: 0.103 loading class java/net/URI
Event: 0.104 loading class java/net/URI done
Event: 0.104 loading class java/net/URI$Parser
Event: 0.104 loading class java/net/URI$Parser done


Dynamic libraries:
0x00007ff756890000 - 0x00007ff7568c5000 	C:\Program Files\Unity\Hub\Editor\2018.4.4f1\Editor\Data\PlaybackEngines\AndroidPlayer\Tools\OpenJDK\Windows\bin\java.exe
0x00007ff8f2a20000 - 0x00007ff8f2c10000 	C:\WINDOWS\SYSTEM32\ntdll.dll
0x00007ff8f0b10000 - 0x00007ff8f0bc2000 	C:\WINDOWS\System32\KERNEL32.DLL
0x00007ff8efe20000 - 0x00007ff8f00c3000 	C:\WINDOWS\System32\KERNELBASE.dll
0x00007ff8f2020000 - 0x00007ff8f20c3000 	C:\WINDOWS\System32\ADVAPI32.dll
0x00007ff8f0bd0000 - 0x00007ff8f0c6e000 	C:\WINDOWS\System32\msvcrt.dll
0x00007ff8f1480000 - 0x00007ff8f1517000 	C:\WINDOWS\System32\sechost.dll
0x00007ff8f28c0000 - 0x00007ff8f29e0000 	C:\WINDOWS\System32\RPCRT4.dll
0x00007ff8f0c70000 - 0x00007ff8f0e03000 	C:\WINDOWS\System32\USER32.dll
0x00007ff8efac0000 - 0x00007ff8efae1000 	C:\WINDOWS\System32\win32u.dll
0x00007ff8f0ae0000 - 0x00007ff8f0b06000 	C:\WINDOWS\System32\GDI32.dll
0x00007ff8f0120000 - 0x00007ff8f02b4000 	C:\WINDOWS\System32\gdi32full.dll
0x00007ff8efc70000 - 0x00007ff8efd0e000 	C:\WINDOWS\System32\msvcp_win.dll
0x00007ff8ef9c0000 - 0x00007ff8efaba000 	C:\WINDOWS\System32\ucrtbase.dll
0x00007ff8d9f30000 - 0x00007ff8da1b5000 	C:\WINDOWS\WinSxS\amd64_microsoft.windows.common-controls_6595b64144ccf1df_6.0.18362.239_none_e6c7aebd130c7608\COMCTL32.dll
0x00007ff8f1ce0000 - 0x00007ff8f2016000 	C:\WINDOWS\System32\combase.dll
0x00007ff8f02c0000 - 0x00007ff8f0340000 	C:\WINDOWS\System32\bcryptPrimitives.dll
0x00007ff8f26f0000 - 0x00007ff8f271e000 	C:\WINDOWS\System32\IMM32.DLL
0x00000000581d0000 - 0x00000000582a2000 	C:\Program Files\Unity\Hub\Editor\2018.4.4f1\Editor\Data\PlaybackEngines\AndroidPlayer\Tools\OpenJDK\Windows\jre\bin\msvcr100.dll
0x0000000056e10000 - 0x0000000057659000 	C:\Program Files\Unity\Hub\Editor\2018.4.4f1\Editor\Data\PlaybackEngines\AndroidPlayer\Tools\OpenJDK\Windows\jre\bin\server\jvm.dll
0x00007ff8f1400000 - 0x00007ff8f1408000 	C:\WINDOWS\System32\PSAPI.DLL
0x00007ff8eeaf0000 - 0x00007ff8eeafa000 	C:\WINDOWS\SYSTEM32\VERSION.dll
0x00007ff8ed1b0000 - 0x00007ff8ed1d4000 	C:\WINDOWS\SYSTEM32\WINMM.dll
0x00007ff8d4be0000 - 0x00007ff8d4be9000 	C:\WINDOWS\SYSTEM32\WSOCK32.dll
0x00007ff8f1410000 - 0x00007ff8f147f000 	C:\WINDOWS\System32\WS2_32.dll
0x00007ff8ed180000 - 0x00007ff8ed1ad000 	C:\WINDOWS\SYSTEM32\winmmbase.dll
0x00007ff8f00d0000 - 0x00007ff8f011a000 	C:\WINDOWS\System32\cfgmgr32.dll
0x00007ff8e7740000 - 0x00007ff8e774f000 	C:\Program Files\Unity\Hub\Editor\2018.4.4f1\Editor\Data\PlaybackEngines\AndroidPlayer\Tools\OpenJDK\Windows\jre\bin\verify.dll
0x00007ff8cc270000 - 0x00007ff8cc299000 	C:\Program Files\Unity\Hub\Editor\2018.4.4f1\Editor\Data\PlaybackEngines\AndroidPlayer\Tools\OpenJDK\Windows\jre\bin\java.dll
0x00007ff8cfcc0000 - 0x00007ff8cfcd6000 	C:\Program Files\Unity\Hub\Editor\2018.4.4f1\Editor\Data\PlaybackEngines\AndroidPlayer\Tools\OpenJDK\Windows\jre\bin\zip.dll
0x00007ff8f1590000 - 0x00007ff8f1c70000 	C:\WINDOWS\System32\SHELL32.dll
0x00007ff8f2720000 - 0x00007ff8f27c9000 	C:\WINDOWS\System32\shcore.dll
0x00007ff8f0360000 - 0x00007ff8f0adb000 	C:\WINDOWS\System32\windows.storage.dll
0x00007ff8ef930000 - 0x00007ff8ef94f000 	C:\WINDOWS\System32\profapi.dll
0x00007ff8ef970000 - 0x00007ff8ef9ba000 	C:\WINDOWS\System32\powrprof.dll
0x00007ff8ef900000 - 0x00007ff8ef910000 	C:\WINDOWS\System32\UMPDC.dll
0x00007ff8f1530000 - 0x00007ff8f1582000 	C:\WINDOWS\System32\shlwapi.dll
0x00007ff8ef950000 - 0x00007ff8ef961000 	C:\WINDOWS\System32\kernel.appcore.dll
0x00007ff8f0340000 - 0x00007ff8f0357000 	C:\WINDOWS\System32\cryptsp.dll

VM Arguments:
jvm_args: -Xmx4096M -Dcom.android.sdkmanager.toolsdir=C:\Users\AClea\AppData\Local\Android\sdk\tools -Dfile.encoding=UTF8 
java_command: C:\Program Files\Unity\Hub\Editor\2018.4.4f1\Editor\Data\PlaybackEngines\AndroidPlayer/Tools\sdktools.jar -
java_class_path (initial): C:\Program Files\Unity\Hub\Editor\2018.4.4f1\Editor\Data\PlaybackEngines\AndroidPlayer/Tools\sdktools.jar
Launcher Type: SUN_STANDARD

Environment Variables:
JAVA_HOME=C:\Program Files\Unity\Hub\Editor\2018.4.4f1\Editor\Data\PlaybackEngines\AndroidPlayer/Tools\OpenJDK\Windows
PATH=C:\Program Files (x86)\Common Files\Oracle\Java\javapath;C:\Program Files (x86)\Intel\iCLS Client\;C:\Program Files\Intel\iCLS Client\;C:\WINDOWS\system32;C:\WINDOWS;C:\WINDOWS\System32\Wbem;C:\WINDOWS\System32\WindowsPowerShell\v1.0\;C:\Program Files (x86)\Windows Live\Shared;C:\Program Files (x86)\IVI Foundation\VISA\WinNT\Bin\;C:\Program Files\IVI Foundation\VISA\Win64\Bin\;C:\Program Files (x86)\IVI Foundation\VISA\WinNT\Bin;C:\Program Files (x86)\QuickTime\QTSystem\;C:\Program Files (x86)\Intel\Intel(R) Management Engine Components\DAL;C:\Program Files\Intel\Intel(R) Management Engine Components\DAL;C:\Program Files (x86)\Intel\Intel(R) Management Engine Components\IPT;C:\Program Files\Intel\Intel(R) Management Engine Components\IPT;C:\WINDOWS\System32\OpenSSH\;C:\Program Files\MATLAB\R2018b\bin;C:\Program Files\Intel\WiFi\bin\;C:\Program Files\Common Files\Intel\WirelessCommon\;C:\Users\AClea\AppData\Local\Microsoft\WindowsApps;%USERPROFILE%\AppData\Local\Microsoft\WindowsApps;
USERNAME=AClea
OS=Windows_NT
PROCESSOR_IDENTIFIER=Intel64 Family 6 Model 78 Stepping 3, GenuineIntel



---------------  S Y S T E M  ---------------

OS: Windows 10.0 , 64 bit Build 18362 (10.0.18362.86)

CPU:total 4 (initial active 4) (2 cores per cpu, 2 threads per core) family 6 model 78 stepping 3, cmov, cx8, fxsr, mmx, sse, sse2, sse3, ssse3, sse4.1, sse4.2, popcnt, avx, avx2, aes, clmul, erms, 3dnowpref, lzcnt, ht, tsc, tscinvbit, bmi1, bmi2, adx

Memory: 4k page, physical 8297604k(1043724k free), swap 8297604k(4112k free)

vm_info: OpenJDK 64-Bit Server VM (25.71-b00) for windows-amd64 JRE (1.8.0-adoptopenjdk-_2018_05_19_00_59-b00), built on May 19 2018 01:02:12 by "jenkins" with MS VC++ 10.0 (VS2010)

time: Sat Aug 10 19:36:43 2019
elapsed time: 0 seconds (0d 0h 0m 0s)

